<?xml version="1.0" encoding="UTF-8"?>
<!-- Generated by org.testng.reporters.JUnitReportReporter -->
<testsuite hostname="DESKTOP-IHN8STQ" failures="0" tests="1" name="CRUD_Operations.Create_project" time="3.157" errors="0" timestamp="2023-05-08T16:11:02 IST" skipped="0">
  <testcase classname="CRUD_Operations.Create_project" name="project" time="3.157"/>
  <system-out/>
</testsuite> <!-- CRUD_Operations.Create_project -->
