<?xml version="1.0" encoding="UTF-8"?>
<!-- Generated by org.testng.reporters.JUnitReportReporter -->
<testsuite hostname="DESKTOP-IHN8STQ" failures="0" tests="1" name="Different_ways_to_post_the_request.Using_Json_file" time="2.666" errors="0" timestamp="2023-05-09T10:53:52 IST" skipped="0">
  <testcase classname="Different_ways_to_post_the_request.Using_Json_file" name="file" time="2.666"/>
  <system-out/>
</testsuite> <!-- Different_ways_to_post_the_request.Using_Json_file -->
