<?xml version="1.0" encoding="UTF-8"?>
<!-- Generated by org.testng.reporters.JUnitReportReporter -->
<testsuite hostname="DESKTOP-IHN8STQ" failures="0" tests="1" name="Different_ways_to_post_the_request.JsonObject" time="3.084" errors="0" timestamp="2023-05-09T10:36:50 IST" skipped="0">
  <testcase classname="Different_ways_to_post_the_request.JsonObject" name="jsonObjectype" time="3.084"/>
  <system-out/>
</testsuite> <!-- Different_ways_to_post_the_request.JsonObject -->
