<?xml version="1.0" encoding="UTF-8"?>
<!-- Generated by org.testng.reporters.JUnitReportReporter -->
<testsuite hostname="DESKTOP-IHN8STQ" failures="0" tests="1" name="CRUD_Operations.GetSingleProject" time="2.573" errors="0" timestamp="2023-05-08T12:07:13 IST" skipped="0">
  <testcase classname="CRUD_Operations.GetSingleProject" name="getSingle" time="2.573"/>
  <system-out/>
</testsuite> <!-- CRUD_Operations.GetSingleProject -->
