<?xml version="1.0" encoding="UTF-8"?>
<!-- Generated by org.testng.reporters.JUnitReportReporter -->
<testsuite hostname="DESKTOP-IHN8STQ" failures="0" tests="1" name="CRUD_Operations.GetAllProject" time="3.362" errors="0" timestamp="2023-05-09T10:47:22 IST" skipped="0">
  <testcase classname="CRUD_Operations.GetAllProject" name="getAllProjects" time="3.362"/>
  <system-out/>
</testsuite> <!-- CRUD_Operations.GetAllProject -->
