<?xml version="1.0" encoding="UTF-8"?>
<!-- Generated by org.testng.reporters.JUnitReportReporter -->
<testsuite hostname="DESKTOP-IHN8STQ" failures="0" tests="1" name="CRUD_operation_With_BDD.UpdateProject" time="2.885" errors="0" timestamp="2023-05-08T15:03:41 IST" skipped="0">
  <testcase classname="CRUD_operation_With_BDD.UpdateProject" name="updateProject" time="2.885"/>
  <system-out/>
</testsuite> <!-- CRUD_operation_With_BDD.UpdateProject -->
