<?xml version="1.0" encoding="UTF-8"?>
<!-- Generated by org.testng.reporters.JUnitReportReporter -->
<testsuite hostname="DESKTOP-IHN8STQ" failures="0" tests="1" name="Reqres_Creud_Bdd.Getalllists" time="2.880" errors="0" timestamp="2023-05-09T10:10:55 IST" skipped="0">
  <testcase classname="Reqres_Creud_Bdd.Getalllists" name="getall" time="2.880"/>
  <system-out/>
</testsuite> <!-- Reqres_Creud_Bdd.Getalllists -->
