<?xml version="1.0" encoding="UTF-8"?>
<!-- Generated by org.testng.reporters.JUnitReportReporter -->
<testsuite hostname="DESKTOP-IHN8STQ" failures="0" tests="1" name="CRUD_Operations.PutMethod" time="3.023" errors="0" timestamp="2023-05-08T12:14:41 IST" skipped="0">
  <testcase classname="CRUD_Operations.PutMethod" name="updateProject" time="3.023"/>
  <system-out/>
</testsuite> <!-- CRUD_Operations.PutMethod -->
