<?xml version="1.0" encoding="UTF-8"?>
<!-- Generated by org.testng.reporters.JUnitReportReporter -->
<testsuite hostname="DESKTOP-IHN8STQ" failures="0" tests="1" name="CRUD_Operations.DeleteTheProject" time="2.561" errors="0" timestamp="2023-05-08T12:18:16 IST" skipped="0">
  <testcase classname="CRUD_Operations.DeleteTheProject" name="deleteTheProject" time="2.561"/>
  <system-out/>
</testsuite> <!-- CRUD_Operations.DeleteTheProject -->
