<?xml version="1.0" encoding="UTF-8"?>
<!-- Generated by org.testng.reporters.JUnitReportReporter -->
<testsuite hostname="DESKTOP-IHN8STQ" failures="0" tests="1" name="SerializationAndDeserialization.EmployeeSerialization" time="0.408" errors="0" timestamp="2023-05-08T10:06:20 IST" skipped="0">
  <testcase classname="SerializationAndDeserialization.EmployeeSerialization" name="employeeseri" time="0.408"/>
  <system-out/>
</testsuite> <!-- SerializationAndDeserialization.EmployeeSerialization -->
