<?xml version="1.0" encoding="UTF-8"?>
<!-- Generated by org.testng.reporters.JUnitReportReporter -->
<testsuite hostname="DESKTOP-IHN8STQ" failures="0" tests="1" name="CRUD_operation_With_BDD.DeleteProject" time="2.699" errors="0" timestamp="2023-05-08T14:57:00 IST" skipped="0">
  <testcase classname="CRUD_operation_With_BDD.DeleteProject" name="getsingle123" time="2.699"/>
  <system-out/>
</testsuite> <!-- CRUD_operation_With_BDD.DeleteProject -->
