<?xml version="1.0" encoding="UTF-8"?>
<!-- Generated by org.testng.reporters.JUnitReportReporter -->
<testsuite hostname="DESKTOP-IHN8STQ" failures="0" tests="1" name="SerializationAndDeserialization.SerializationWithArray" time="0.228" errors="0" timestamp="2023-05-08T10:22:42 IST" skipped="0">
  <testcase classname="SerializationAndDeserialization.SerializationWithArray" name="employSerial" time="0.228"/>
  <system-out/>
</testsuite> <!-- SerializationAndDeserialization.SerializationWithArray -->
