<?xml version="1.0" encoding="UTF-8"?>
<!-- Generated by org.testng.reporters.JUnitReportReporter -->
<testsuite hostname="DESKTOP-IHN8STQ" failures="0" tests="1" name="SerializationAndDeserialization.DeserializationWithArray" time="0.317" errors="0" timestamp="2023-05-08T10:31:41 IST" skipped="0">
  <testcase classname="SerializationAndDeserialization.DeserializationWithArray" name="empDeserial" time="0.317"/>
  <system-out/>
</testsuite> <!-- SerializationAndDeserialization.DeserializationWithArray -->
