<?xml version="1.0" encoding="UTF-8"?>
<!-- Generated by org.testng.reporters.JUnitReportReporter -->
<testsuite hostname="DESKTOP-IHN8STQ" failures="0" tests="1" name="SerializationAndDeserialization.EmployeeSerializationObject" time="0.234" errors="0" timestamp="2023-05-09T13:11:54 IST" skipped="0">
  <testcase classname="SerializationAndDeserialization.EmployeeSerializationObject" name="EmployeeDetailsWithSpou" time="0.234"/>
  <system-out/>
</testsuite> <!-- SerializationAndDeserialization.EmployeeSerializationObject -->
