<?xml version="1.0" encoding="UTF-8"?>
<!-- Generated by org.testng.reporters.JUnitReportReporter -->
<testsuite hostname="DESKTOP-IHN8STQ" failures="0" tests="1" name="CRUD_operation_With_BDD.GetAllProjects" time="2.741" errors="0" timestamp="2023-05-09T10:44:22 IST" skipped="0">
  <testcase classname="CRUD_operation_With_BDD.GetAllProjects" name="getall123" time="2.741"/>
  <system-out/>
</testsuite> <!-- CRUD_operation_With_BDD.GetAllProjects -->
